# command line:  simsearch  -i  potato_316x5k  -s  1234567  -e  0.4  -p  4  -o  potato.out  
# ploidy: 4
# min. minor allele frequency: 0.000
# max. marker missing data fraction: 0.200
# rng seed: 1234567
# n markers used: 5063
# chunk size: 8   n chunks: 632
# max. agmr: 0.400
    0                RioGrandeRusset                      AOR08032-1  586.48    14   0.3730   0.3974  
    6                   AFW5472-1rus                      W8516-1rus  542.78    19   0.3423   0.3611  
    8                   AFW5496-2rus                    AFW5601-1rus  471.37    14   0.3557   0.3677  
   15                   AFW5601-1rus                    AFW5496-2rus  471.37    14   0.3557   0.3677  
   20                    W10501-4rus                     W10501-6rus  578.20    11   0.3906   0.3953  
   21                    W10501-6rus                     W10501-4rus  578.20    11   0.3906   0.3953  
   30                    W10594-7rus                     W10594-8rus  560.16    13   0.3753   0.3500  
   30                    W10594-7rus                    W10074-16rus  557.34    14   0.3690   0.3833  
   31                    W10594-8rus                     W10594-7rus  560.16    13   0.3753   0.3500  
   31                    W10594-8rus                    W10074-16rus  555.47    15   0.3633   0.3907  
   45                    W12016-2rus                      W9433-1rus  541.30    19   0.3421   0.3663  
   55                     W1879-1rus                      W9523-1rus  531.22    14   0.3652   0.3841  
   63                        AllBlue                   PurplePelisse  543.08    13   0.3728   0.3517  
   63                        AllBlue                AFW5375-4P/Pfing  555.40    21   0.3359   0.3540  
   70                       Chippewa                          Monona  568.66    22   0.3340   0.3886  
   70                       Chippewa                          Sebago  590.57    21   0.3410   0.3635  
   71                  ClassicRusset                     TetonRusset  552.60    15   0.3629   0.3501  
   72               ClearwaterRusset                         Bannock  541.49    13   0.3726   0.3941  
   79                       Katahdin                          Sebago  605.28    22   0.3392   0.3593  
   87                         Monona                        Chippewa  568.66    22   0.3340   0.3886  
   87                         Monona                          Norwis  565.83    10   0.3962   0.3698  
  109                         Norwis                          Monona  565.83    10   0.3962   0.3698  
  128                    DakotaPearl                         W9905-7  567.72    11   0.3892   0.3889  
  145                         Sebago                        Chippewa  590.57    21   0.3410   0.3635  
  145                         Sebago                        Katahdin  605.28    22   0.3392   0.3593  
  146                         Tundra                      MSV507-100  537.78    11   0.3850   0.3778  
  149                     IvoryCrisp                      AC05153-1W  592.63    12   0.3858   0.3928  
  151                       Kalkaska                      MSV507-094  558.28    10   0.3952   0.3611  
  154                  PurplePelisse                         AllBlue  543.08    13   0.3728   0.3517  
  165                     MSV507-094                        Kalkaska  558.28    10   0.3952   0.3611  
  166                     MSV507-100                          Tundra  537.78    11   0.3850   0.3778  
  167                     MSV507-128                      MSV507-143  547.85    10   0.3937   0.3985  
  167                     MSV507-128                      MSV507-198  531.36    19   0.3406   0.3219  
  168                     MSV507-143                      MSV507-128  547.85    10   0.3937   0.3985  
  168                     MSV507-143                      MSV507-198  548.80    13   0.3737   0.3913  
  170                     MSV507-198                      MSV507-128  531.36    19   0.3406   0.3219  
  170                     MSV507-198                      MSV507-143  548.80    13   0.3737   0.3913  
  188                        W9905-3                         W6609-3  593.58    27   0.3204   0.3429  
  190                        W9905-7                     DakotaPearl  567.72    11   0.3892   0.3889  
  194                     AC05153-1W                      IvoryCrisp  592.63    12   0.3858   0.3928  
  201                       AF5320-1                         W6609-3  560.44    11   0.3882   0.3953  
  215                      MST096-2Y                       MST186-1Y  529.32     9   0.3991   0.3912  
  217                      MST186-1Y                       MST096-2Y  529.32     9   0.3991   0.3912  
  243                        W6609-3                         W9905-3  593.58    27   0.3204   0.3429  
  243                        W6609-3                        AF5320-1  560.44    11   0.3882   0.3953  
  271                  FreedomRusset                      W9523-1rus  528.51    19   0.3401   0.3407  
  272                  MercuryRusset                     CO05132-2RU  443.61     8   0.3946   0.3929  
  274                    CO05132-2RU                   MercuryRusset  443.61     8   0.3946   0.3929  
  280                        Bannock                ClearwaterRusset  541.49    13   0.3726   0.3941  
  282                     W9433-1rus                     W12016-2rus  541.30    19   0.3421   0.3663  
  294                     AOR08032-1                 RioGrandeRusset  586.48    14   0.3730   0.3974  
  295                   VillettaRose                     W9351-3P/PW  522.23    11   0.3828   0.3795  
  296                    TetonRusset                   ClassicRusset  552.60    15   0.3629   0.3501  
  296                    TetonRusset                          Blazer  572.44    28   0.3142   0.3467  
  297                    W9351-3P/PW                    VillettaRose  522.23    11   0.3828   0.3795  
  302                    W10074-3rus                    W10074-16rus  562.01    13   0.3755   0.3903  
  304                         Blazer                     TetonRusset  572.44    28   0.3142   0.3467  
  305                     W8516-1rus                    AFW5472-1rus  542.78    19   0.3423   0.3611  
  307                   W10074-16rus                     W10594-7rus  557.34    14   0.3690   0.3833  
  307                   W10074-16rus                     W10594-8rus  555.47    15   0.3633   0.3907  
  307                   W10074-16rus                     W10074-3rus  562.01    13   0.3755   0.3903  
  311               AFW5375-4P/Pfing                         AllBlue  555.40    21   0.3359   0.3540  
  312                     W9523-1rus                      W1879-1rus  531.22    14   0.3652   0.3841  
  312                     W9523-1rus                   FreedomRusset  528.51    19   0.3401   0.3407  
